<?xml version="1.0" encoding="UTF-8"?>
<!-- Generated by org.testng.reporters.JUnitReportReporter -->
<testsuite skipped="0" hostname="GS-5241" name="com.task.automation.test.SignIn" tests="1" failures="0" timestamp="2021-02-23T19:53:33 IST" time="43.228" errors="0">
  <testcase name="verifyCreateNewUserWithValid" time="43.228" classname="com.task.automation.test.SignIn"/>
</testsuite> <!-- com.task.automation.test.SignIn -->
