<?xml version="1.0" encoding="UTF-8"?>
<!-- Generated by org.testng.reporters.JUnitReportReporter -->
<testsuite skipped="0" hostname="GS-5241" name="com.task.automation.test.TestNG" tests="2" failures="0" timestamp="2020-05-03T19:40:51 IST" time="0.033" errors="0">
  <testcase name="f" time="0.005" classname="com.task.automation.test.TestNG"/>
  <testcase name="f" time="0.028" classname="com.task.automation.test.TestNG"/>
</testsuite> <!-- com.task.automation.test.TestNG -->
