<?xml version="1.0" encoding="UTF-8"?>
<!-- Generated by org.testng.reporters.JUnitReportReporter -->
<testsuite skipped="0" hostname="GS-5241" name="com.task.automation.test.SignIn" tests="1" failures="0" timestamp="21 Feb 2021 14:58:26 GMT" time="32.255" errors="0">
  <testcase name="verifyCreateNewUser" time="32.255" classname="com.task.automation.test.SignIn"/>
</testsuite> <!-- com.task.automation.test.SignIn -->
